<?xml version="1.0" encoding="UTF-8"?>
<!-- Generated by org.testng.reporters.JUnitXMLReporter -->
<testsuite ignored="0" hostname="LAPTOP-IP1C4S1G" failures="2" tests="10" name="Test" time="0.181" errors="0" timestamp="2023-04-05T18:22:10 IST">
  <testcase classname="TestNG.sample1" name="TC1" time="0.026"/>
  <testcase classname="TestNG.sample1" name="TC2" time="0.002"/>
  <testcase classname="TestNG.sample1" name="TC3" time="0.004"/>
  <testcase classname="TestNG.sample2$sample1" name="TC4" time="0.002"/>
  <testcase classname="TestNG.sample2$sample1" name="TC5" time="0.006"/>
  <testcase classname="TestNG.sample2$sample1" name="TC6" time="0.013">
    <failure type="java.lang.AssertionError" message="null">
      <![CDATA[java.lang.AssertionError: null
at TestNG.sample2$sample1.TC6(sample2.java:22)
at java.base/java.util.ArrayList.forEach(ArrayList.java:1511)
... Removed 27 stack frames]]>
    </failure>
  </testcase> <!-- TC6 -->
  <testcase classname="TestNG.sample2$sample1" name="TC7" time="0.002"/>
  <testcase classname="TestNG.sample3$sample1" name="TC10" time="0.002"/>
  <testcase classname="TestNG.sample3$sample1" name="TC8" time="0.002">
    <failure type="java.lang.AssertionError" message="null">
      <![CDATA[java.lang.AssertionError: null
at TestNG.sample3$sample1.TC8(sample3.java:12)
at java.base/java.util.ArrayList.forEach(ArrayList.java:1511)
... Removed 27 stack frames]]>
    </failure>
  </testcase> <!-- TC8 -->
  <testcase classname="TestNG.sample3$sample1" name="TC9" time="0.003"/>
</testsuite> <!-- Test -->
